2023-10-02T16:40:51.600Z 6: ✅ webContents.did-finish-load web1
2023-10-02T16:40:52.063Z 7: ✅ webContents.created web2 ""
2023-10-02T16:40:52.070Z 8: ✅ window.created win2 "Discord"
2023-10-02T16:40:54.222Z 9: ✅ webContents.did-finish-load web2
2023-10-02T16:40:54.323Z 10: window.close win1
2023-10-02T16:40:54.350Z 11: webContents.destroyed web1
2023-10-02T16:40:54.356Z 12: window.closed win1
2023-10-02T16:41:35.002Z 13: window.close win2
2023-10-02T16:41:35.011Z 14: window.close win2
2023-10-02T16:41:35.136Z 15: webContents.destroyed web2
2023-10-02T16:48:00.414Z 0: 

----------------------------------------------
2023-10-02T16:48:00.429Z 1: Discord starting: {"releaseChannel":"stable","version":"0.0.30"}, modulepath: /home/philo/.config/discord/0.0.30/modules
2023-10-02T16:48:00.437Z 2: ✅ webContents.created web1 ""
2023-10-02T16:48:00.445Z 3: ✅ window.created win1 "discord"
2023-10-02T16:48:00.899Z 4: ✅ webContents.created web2 ""
2023-10-02T16:48:00.936Z 5: ✅ window.created win2 "Discord"
2023-10-02T16:48:00.945Z 6: ✅ webContents.did-finish-load web1
2023-10-02T16:48:02.971Z 7: ✅ webContents.did-finish-load web2
2023-10-02T16:48:03.072Z 8: window.close win1
2023-10-02T16:48:03.105Z 9: webContents.destroyed web1
2023-10-02T16:48:03.112Z 10: window.closed win1
2023-10-02T16:48:30.000Z 11: window.close win2
2023-10-02T16:48:30.006Z 12: window.close win2
2023-10-02T16:48:30.062Z 13: webContents.destroyed web2
2023-10-02T16:53:27.315Z 0: 

----------------------------------------------
2023-10-02T16:53:27.330Z 1: Discord starting: {"releaseChannel":"stable","version":"0.0.30"}, modulepath: /home/philo/.config/discord/0.0.30/modules
2023-10-02T16:53:27.338Z 2: ✅ webContents.created web1 ""
2023-10-02T16:53:27.346Z 3: ✅ window.created win1 "discord"
2023-10-02T16:53:27.675Z 4: ✅ webContents.did-finish-load web1
2023-10-02T16:53:27.858Z 5: ✅ webContents.created web2 ""
2023-10-02T16:53:27.866Z 6: ✅ window.created win2 "Discord"
2023-10-02T16:53:31.415Z 7: ✅ webContents.did-finish-load web2
2023-10-02T16:53:31.515Z 8: window.close win1
2023-10-02T16:53:31.541Z 9: webContents.destroyed web1
2023-10-02T16:53:31.548Z 10: window.closed win1
2023-10-02T16:53:50.845Z 11: window.close win2
2023-10-02T16:53:50.853Z 12: window.close win2
2023-10-02T16:53:50.895Z 13: webContents.destroyed web2
